#
# A fatal error has been detected by the Java Runtime Environment:
#
#  SIGSEGV (0xb) at pc=0x00000001050c3067, pid=74416, tid=5127
#
# JRE version: Java(TM) SE Runtime Environment (8.0_60-b27) (build 1.8.0_60-b27)
# Java VM: Java HotSpot(TM) 64-Bit Server VM (25.60-b23 mixed mode bsd-amd64 compressed oops)
# Problematic frame:
# V  [libjvm.dylib+0x4c3067]
#
# Failed to write core dump. Core dumps have been disabled. To enable core dumping, try "ulimit -c unlimited" before starting Java again
#
# If you would like to submit a bug report, please visit:
#   http://bugreport.java.com/bugreport/crash.jsp
#

---------------  T H R E A D  ---------------

Current thread (0x00007fa71300c800):  GCTaskThread [stack: 0x000000010e2e7000,0x000000010e3e7000] [id=5127]

siginfo: si_signo: 11 (SIGSEGV), si_code: 0 (unknown), si_addr: 0x0000000000000000

Registers:
RAX=0x00000001054282d0, RBX=0x485590c35dc0ff08, RCX=0x00000007c0000000, RDX=0x0000000780000000
RSP=0x000000010e3e6c90, RBP=0x000000010e3e6ca0, RSI=0x485590c35dc0ff08, RDI=0x000000010e3e6d20
R8 =0x00000001054df1e0, R9 =0x00000007bf444010, R10=0x00000007bf44c010, R11=0x0000000012f6f758
R12=0x000000010e3e6d90, R13=0x000000010520974f, R14=0x000000010e3e6d20, R15=0x000000010e3e6d20
RIP=0x00000001050c3067, EFLAGS=0x0000000000010206, ERR=0x0000000000000000
  TRAPNO=0x000000000000000d

Top of Stack: (sp=0x000000010e3e6c90)
0x000000010e3e6c90:   000000010e3e6cc0 485590c35dc0ff08
0x000000010e3e6ca0:   000000010e3e6cc0 0000000104d8c90e
0x000000010e3e6cb0:   00007fa712cf69b0 00007fa716cd5400
0x000000010e3e6cc0:   000000010e3e6cf0 0000000104d8dbda
0x000000010e3e6cd0:   00007fa71301f5c0 0000000000000000
0x000000010e3e6ce0:   00007fa716cd54d0 0000000000000001
0x000000010e3e6cf0:   000000010e3e6db0 00000001050c2ca8
0x000000010e3e6d00:   000000010de96a00 00007fa713023800
0x000000010e3e6d10:   0000000000000000 0000000105209701
0x000000010e3e6d20:   00000001054282d0 00007fa712d07c00
0x000000010e3e6d30:   00000001054282a0 000000010505ca00
0x000000010e3e6d40:   00007fa71301f5c0 0000000000000000
0x000000010e3e6d50:   00007fa71300c800 00007fa712d04a60
0x000000010e3e6d60:   000000010e3e6d80 0000000104e73e7f
0x000000010e3e6d70:   0000000000000001 00000001054282f0
0x000000010e3e6d80:   000000010e3e6d00 00007fa71301f5c0
0x000000010e3e6d90:   0000000105428200 00007fa712d04900
0x000000010e3e6da0:   00007fa71301f5c0 00007fa71300c800
0x000000010e3e6db0:   000000010e3e6e90 0000000104e743f7
0x000000010e3e6dc0:   000000010e3e6df0 00007fa712c22a80
0x000000010e3e6dd0:   00007fa712c25df0 00007fa712c25e00
0x000000010e3e6de0:   00007fa712c261d8 00000000000003d8
0x000000010e3e6df0:   00007fa71300c800 00007fa712c22ab0
0x000000010e3e6e00:   00007fa712c22af0 00007fa712c22b00
0x000000010e3e6e10:   00007fa712c22bd8 00000000000000d8
0x000000010e3e6e20:   000000010e3e6e30 0000000000000000
0x000000010e3e6e30:   00007fa71300c800 00007fa712c22ab0
0x000000010e3e6e40:   00007fa712c22af0 00007fa712c22b00
0x000000010e3e6e50:   00007fa712c22bd8 00000000000000d8
0x000000010e3e6e60:   00007fa712c22cf0 00007fa71300c800
0x000000010e3e6e70:   00000000003db03d 00000000000008ff
0x000000010e3e6e80:   00007fa712c22d30 00007fa712c26a60 

Instructions: (pc=0x00000001050c3067)
0x00000001050c3047:   8d 3d f2 67 14 00 be 83 00 00 00 e8 0e 38 d2 ff
0x00000001050c3057:   5d e9 3c ba fb ff 90 55 48 89 e5 53 48 83 ec 08
0x00000001050c3067:   80 be c0 00 00 00 01 75 29 48 89 fb c6 86 c0 00
0x00000001050c3077:   00 00 00 48 89 73 28 48 8b 06 48 8d 4b 10 48 89 

Register to memory mapping:

RAX=0x00000001054282d0: _ZTV22PSScavengeKlassClosure+0x10 in /Library/Java/JavaVirtualMachines/jdk1.8.0_60.jdk/Contents/Home/jre/lib/server/libjvm.dylib at 0x0000000104c00000
RBX=0x485590c35dc0ff08 is an unknown value
RCX=0x00000007c0000000 is pointing into metadata
RDX=0x0000000780000000 is an oop
[I 
 - klass: {type array int}
 - length: 256
RSP=0x000000010e3e6c90 is an unknown value
RBP=0x000000010e3e6ca0 is an unknown value
RSI=0x485590c35dc0ff08 is an unknown value
RDI=0x000000010e3e6d20 is an unknown value
R8 =0x00000001054df1e0: _ZN10PSScavenge26_young_generation_boundaryE+0 in /Library/Java/JavaVirtualMachines/jdk1.8.0_60.jdk/Contents/Home/jre/lib/server/libjvm.dylib at 0x0000000104c00000
R9 =0x00000007bf444010 is an oop
java.lang.Class 
 - klass: 'java/lang/Class'
R10=0x00000007bf44c010 is an oop
[Lscala.collection.immutable.HashSet; 
 - klass: 'scala/collection/immutable/HashSet'[]
 - length: 3
R11=0x0000000012f6f758 is an unknown value
R12=0x000000010e3e6d90 is an unknown value
R13=0x000000010520974f: PERFDATA_NAME+0x1ad7 in /Library/Java/JavaVirtualMachines/jdk1.8.0_60.jdk/Contents/Home/jre/lib/server/libjvm.dylib at 0x0000000104c00000
R14=0x000000010e3e6d20 is an unknown value
R15=0x000000010e3e6d20 is an unknown value


Stack: [0x000000010e2e7000,0x000000010e3e7000],  sp=0x000000010e3e6c90,  free space=1023k
Native frames: (J=compiled Java code, j=interpreted, Vv=VM code, C=native code)
V  [libjvm.dylib+0x4c3067]
V  [libjvm.dylib+0x18c90e]
V  [libjvm.dylib+0x18dbda]
V  [libjvm.dylib+0x4c2ca8]
V  [libjvm.dylib+0x2743f7]
V  [libjvm.dylib+0x48343a]
C  [libsystem_pthread.dylib+0x3268]  _pthread_body+0x83
C  [libsystem_pthread.dylib+0x31e5]  _pthread_body+0x0
C  [libsystem_pthread.dylib+0x141d]  thread_start+0xd


---------------  P R O C E S S  ---------------

Java Threads: ( => current thread )
  0x00007fa71680d000 JavaThread "pool-134-thread-1" [_thread_blocked, id=22035, stack(0x00000001147fa000,0x00000001148fa000)]
  0x00007fa717ae3800 JavaThread "process reaper" daemon [_thread_blocked, id=19299, stack(0x00000001125e9000,0x0000000112611000)]
  0x00007fa714038000 JavaThread "Service Thread" daemon [_thread_blocked, id=18179, stack(0x00000001142d1000,0x00000001143d1000)]
  0x00007fa713032000 JavaThread "C1 CompilerThread2" daemon [_thread_blocked, id=17667, stack(0x00000001141ce000,0x00000001142ce000)]
  0x00007fa713031800 JavaThread "C2 CompilerThread1" daemon [_thread_blocked, id=17155, stack(0x00000001140cb000,0x00000001141cb000)]
  0x00007fa713026000 JavaThread "C2 CompilerThread0" daemon [_thread_in_native, id=16643, stack(0x0000000113fc8000,0x00000001140c8000)]
  0x00007fa714065000 JavaThread "Signal Dispatcher" daemon [_thread_blocked, id=12311, stack(0x0000000113ec5000,0x0000000113fc5000)]
  0x00007fa713023800 JavaThread "Finalizer" daemon [_thread_blocked, id=11523, stack(0x00000001124b0000,0x00000001125b0000)]
  0x00007fa713022800 JavaThread "Reference Handler" daemon [_thread_blocked, id=11011, stack(0x00000001123ad000,0x00000001124ad000)]
  0x00007fa713012800 JavaThread "main" [_thread_blocked, id=3847, stack(0x0000000105b8a000,0x0000000105c8a000)]

Other Threads:
  0x00007fa713020000 VMThread [stack: 0x00000001122aa000,0x00000001123aa000] [id=10499]
  0x00007fa71302a000 WatcherThread [stack: 0x00000001143d4000,0x00000001144d4000] [id=18691]

=>0x00007fa71300c800 (exited) GCTaskThread [stack: 0x000000010e2e7000,0x000000010e3e7000] [id=5127]

VM state:at safepoint (normal execution)

VM Mutex/Monitor currently owned by a thread:  ([mutex/lock_event])
[0x00007fa712c1fe20] Threads_lock - owner thread: 0x00007fa713020000
[0x00007fa712c20320] Heap_lock - owner thread: 0x00007fa713012800

Heap:
 PSYoungGen      total 343040K, used 295447K [0x00000007aab00000, 0x00000007c0000000, 0x00000007c0000000)
  eden space 336896K, 87% used [0x00000007aab00000,0x00000007bcb85d70,0x00000007bf400000)
  from space 6144K, 0% used [0x00000007bfa00000,0x00000007bfa00000,0x00000007c0000000)
  to   space 6144K, 18% used [0x00000007bf400000,0x00000007bf518040,0x00000007bfa00000)
 ParOldGen       total 699392K, used 21835K [0x0000000780000000, 0x00000007aab00000, 0x00000007aab00000)
  object space 699392K, 3% used [0x0000000780000000,0x0000000781552e88,0x00000007aab00000)
 Metaspace       used 88622K, capacity 89289K, committed 93656K, reserved 1128448K
  class space    used 14385K, capacity 14633K, committed 15360K, reserved 1048576K

Card table byte_map: [0x000000010de8c000,0x000000010e08d000] byte_map_base: 0x000000010a28c000

Marking Bits: (ParMarkBitMap*) 0x00000001054dee20
 Begin Bits: [0x000000010e5ef000, 0x000000010f5ef000)
 End Bits:   [0x000000010f5ef000, 0x00000001105ef000)

Polling page: 0x00000001043e2000

CodeCache: size=131072Kb used=62891Kb max_used=62891Kb free=68180Kb
 bounds [0x0000000105c8c000, 0x0000000109a7c000, 0x000000010dc8c000]
 total_blobs=19149 nmethods=18674 adapters=382
 compilation: enabled

Compilation events (10 events):
Event: 6068.564 Thread 0x00007fa713032000 29369       1       slacc.lexer.Tokens$SEMICOLON$::toString (3 bytes)
Event: 6068.564 Thread 0x00007fa713032000 nmethod 29369 0x0000000106f13890 code [0x0000000106f139e0, 0x0000000106f13af0]
Event: 6068.564 Thread 0x00007fa713032000 29370       1       slacc.lexer.Tokens$EQSIGN$::toString (3 bytes)
Event: 6068.564 Thread 0x00007fa713032000 nmethod 29370 0x0000000106f135d0 code [0x0000000106f13720, 0x0000000106f13830]
Event: 6068.572 Thread 0x00007fa713032000 29371       1       slacc.ast.Trees$MethodDecl::slacc$analyzer$Symbols$Symbolic$$_sym (5 bytes)
Event: 6068.573 Thread 0x00007fa713032000 nmethod 29371 0x0000000106f7d210 code [0x0000000106f7d360, 0x0000000106f7d470]
Event: 6068.573 Thread 0x00007fa713032000 29372       1       slacc.ast.Trees$Identifier::value (5 bytes)
Event: 6068.573 Thread 0x00007fa713032000 nmethod 29372 0x0000000106f7cf50 code [0x0000000106f7d0a0, 0x0000000106f7d1b0]
Event: 6068.609 Thread 0x00007fa713032000 29373       1       sbt.SessionVar$::DefaultDataID (5 bytes)
Event: 6068.610 Thread 0x00007fa713032000 nmethod 29373 0x0000000108078490 code [0x00000001080785e0, 0x00000001080786f0]

GC Heap History (10 events):
Event: 5672.247 GC heap after
Heap after GC invocations=158 (full 76):
 PSYoungGen      total 343040K, used 0K [0x00000007aab00000, 0x00000007c0000000, 0x00000007c0000000)
  eden space 336896K, 0% used [0x00000007aab00000,0x00000007aab00000,0x00000007bf400000)
  from space 6144K, 0% used [0x00000007bfa00000,0x00000007bfa00000,0x00000007c0000000)
  to   space 6144K, 0% used [0x00000007bf400000,0x00000007bf400000,0x00000007bfa00000)
 ParOldGen       total 699392K, used 21770K [0x0000000780000000, 0x00000007aab00000, 0x00000007aab00000)
  object space 699392K, 3% used [0x0000000780000000,0x0000000781542bc0,0x00000007aab00000)
 Metaspace       used 82200K, capacity 82673K, committed 93656K, reserved 1128448K
  class space    used 13397K, capacity 13541K, committed 15360K, reserved 1048576K
}
Event: 5736.650 GC heap before
{Heap before GC invocations=159 (full 76):
 PSYoungGen      total 343040K, used 106828K [0x00000007aab00000, 0x00000007c0000000, 0x00000007c0000000)
  eden space 336896K, 31% used [0x00000007aab00000,0x00000007b13530f0,0x00000007bf400000)
  from space 6144K, 0% used [0x00000007bfa00000,0x00000007bfa00000,0x00000007c0000000)
  to   space 6144K, 0% used [0x00000007bf400000,0x00000007bf400000,0x00000007bfa00000)
 ParOldGen       total 699392K, used 21770K [0x0000000780000000, 0x00000007aab00000, 0x00000007aab00000)
  object space 699392K, 3% used [0x0000000780000000,0x0000000781542bc0,0x00000007aab00000)
 Metaspace       used 86521K, capacity 87161K, committed 93656K, reserved 1128448K
  class space    used 14002K, capacity 14205K, committed 15360K, reserved 1048576K
Event: 5736.653 GC heap after
Heap after GC invocations=159 (full 76):
 PSYoungGen      total 343040K, used 2553K [0x00000007aab00000, 0x00000007c0000000, 0x00000007c0000000)
  eden space 336896K, 0% used [0x00000007aab00000,0x00000007aab00000,0x00000007bf400000)
  from space 6144K, 41% used [0x00000007bf400000,0x00000007bf67e768,0x00000007bfa00000)
  to   space 6144K, 0% used [0x00000007bfa00000,0x00000007bfa00000,0x00000007c0000000)
 ParOldGen       total 699392K, used 21778K [0x0000000780000000, 0x00000007aab00000, 0x00000007aab00000)
  object space 699392K, 3% used [0x0000000780000000,0x0000000781544bc0,0x00000007aab00000)
 Metaspace       used 86521K, capacity 87161K, committed 93656K, reserved 1128448K
  class space    used 14002K, capacity 14205K, committed 15360K, reserved 1048576K
}
Event: 5736.653 GC heap before
{Heap before GC invocations=160 (full 77):
 PSYoungGen      total 343040K, used 2553K [0x00000007aab00000, 0x00000007c0000000, 0x00000007c0000000)
  eden space 336896K, 0% used [0x00000007aab00000,0x00000007aab00000,0x00000007bf400000)
  from space 6144K, 41% used [0x00000007bf400000,0x00000007bf67e768,0x00000007bfa00000)
  to   space 6144K, 0% used [0x00000007bfa00000,0x00000007bfa00000,0x00000007c0000000)
 ParOldGen       total 699392K, used 21778K [0x0000000780000000, 0x00000007aab00000, 0x00000007aab00000)
  object space 699392K, 3% used [0x0000000780000000,0x0000000781544bc0,0x00000007aab00000)
 Metaspace       used 86521K, capacity 87161K, committed 93656K, reserved 1128448K
  class space    used 14002K, capacity 14205K, committed 15360K, reserved 1048576K
Event: 5736.781 GC heap after
Heap after GC invocations=160 (full 77):
 PSYoungGen      total 343040K, used 0K [0x00000007aab00000, 0x00000007c0000000, 0x00000007c0000000)
  eden space 336896K, 0% used [0x00000007aab00000,0x00000007aab00000,0x00000007bf400000)
  from space 6144K, 0% used [0x00000007bf400000,0x00000007bf400000,0x00000007bfa00000)
  to   space 6144K, 0% used [0x00000007bfa00000,0x00000007bfa00000,0x00000007c0000000)
 ParOldGen       total 699392K, used 23537K [0x0000000780000000, 0x00000007aab00000, 0x00000007aab00000)
  object space 699392K, 3% used [0x0000000780000000,0x00000007816fc548,0x00000007aab00000)
 Metaspace       used 82216K, capacity 82673K, committed 93656K, reserved 1128448K
  class space    used 13397K, capacity 13541K, committed 15360K, reserved 1048576K
}
Event: 5736.783 GC heap before
{Heap before GC invocations=161 (full 77):
 PSYoungGen      total 343040K, used 4892K [0x00000007aab00000, 0x00000007c0000000, 0x00000007c0000000)
  eden space 336896K, 1% used [0x00000007aab00000,0x00000007aafc7230,0x00000007bf400000)
  from space 6144K, 0% used [0x00000007bf400000,0x00000007bf400000,0x00000007bfa00000)
  to   space 6144K, 0% used [0x00000007bfa00000,0x00000007bfa00000,0x00000007c0000000)
 ParOldGen       total 699392K, used 23537K [0x0000000780000000, 0x00000007aab00000, 0x00000007aab00000)
  object space 699392K, 3% used [0x0000000780000000,0x00000007816fc548,0x00000007aab00000)
 Metaspace       used 82216K, capacity 82673K, committed 93656K, reserved 1128448K
  class space    used 13397K, capacity 13541K, committed 15360K, reserved 1048576K
Event: 5736.784 GC heap after
Heap after GC invocations=161 (full 77):
 PSYoungGen      total 343040K, used 0K [0x00000007aab00000, 0x00000007c0000000, 0x00000007c0000000)
  eden space 336896K, 0% used [0x00000007aab00000,0x00000007aab00000,0x00000007bf400000)
  from space 6144K, 0% used [0x00000007bfa00000,0x00000007bfa00000,0x00000007c0000000)
  to   space 6144K, 0% used [0x00000007bf400000,0x00000007bf400000,0x00000007bfa00000)
 ParOldGen       total 699392K, used 23537K [0x0000000780000000, 0x00000007aab00000, 0x00000007aab00000)
  object space 699392K, 3% used [0x0000000780000000,0x00000007816fc548,0x00000007aab00000)
 Metaspace       used 82216K, capacity 82673K, committed 93656K, reserved 1128448K
  class space    used 13397K, capacity 13541K, committed 15360K, reserved 1048576K
}
Event: 5736.784 GC heap before
{Heap before GC invocations=162 (full 78):
 PSYoungGen      total 343040K, used 0K [0x00000007aab00000, 0x00000007c0000000, 0x00000007c0000000)
  eden space 336896K, 0% used [0x00000007aab00000,0x00000007aab00000,0x00000007bf400000)
  from space 6144K, 0% used [0x00000007bfa00000,0x00000007bfa00000,0x00000007c0000000)
  to   space 6144K, 0% used [0x00000007bf400000,0x00000007bf400000,0x00000007bfa00000)
 ParOldGen       total 699392K, used 23537K [0x0000000780000000, 0x00000007aab00000, 0x00000007aab00000)
  object space 699392K, 3% used [0x0000000780000000,0x00000007816fc548,0x00000007aab00000)
 Metaspace       used 82216K, capacity 82673K, committed 93656K, reserved 1128448K
  class space    used 13397K, capacity 13541K, committed 15360K, reserved 1048576K
Event: 5736.873 GC heap after
Heap after GC invocations=162 (full 78):
 PSYoungGen      total 343040K, used 0K [0x00000007aab00000, 0x00000007c0000000, 0x00000007c0000000)
  eden space 336896K, 0% used [0x00000007aab00000,0x00000007aab00000,0x00000007bf400000)
  from space 6144K, 0% used [0x00000007bfa00000,0x00000007bfa00000,0x00000007c0000000)
  to   space 6144K, 0% used [0x00000007bf400000,0x00000007bf400000,0x00000007bfa00000)
 ParOldGen       total 699392K, used 21827K [0x0000000780000000, 0x00000007aab00000, 0x00000007aab00000)
  object space 699392K, 3% used [0x0000000780000000,0x0000000781550e88,0x00000007aab00000)
 Metaspace       used 82216K, capacity 82673K, committed 93656K, reserved 1128448K
  class space    used 13397K, capacity 13541K, committed 15360K, reserved 1048576K
}
Event: 6068.610 GC heap before
{Heap before GC invocations=163 (full 78):
 PSYoungGen      total 343040K, used 295447K [0x00000007aab00000, 0x00000007c0000000, 0x00000007c0000000)
  eden space 336896K, 87% used [0x00000007aab00000,0x00000007bcb85d70,0x00000007bf400000)
  from space 6144K, 0% used [0x00000007bfa00000,0x00000007bfa00000,0x00000007c0000000)
  to   space 6144K, 0% used [0x00000007bf400000,0x00000007bf400000,0x00000007bfa00000)
 ParOldGen       total 699392K, used 21827K [0x0000000780000000, 0x00000007aab00000, 0x00000007aab00000)
  object space 699392K, 3% used [0x0000000780000000,0x0000000781550e88,0x00000007aab00000)
 Metaspace       used 88622K, capacity 89289K, committed 93656K, reserved 1128448K
  class space    used 14385K, capacity 14633K, committed 15360K, reserved 1048576K

Deoptimization events (10 events):
Event: 5407.401 Thread 0x00007fa716a11000 Uncommon trap: reason=bimorphic action=maybe_recompile pc=0x0000000106972a24 method=scala.collection.MapLike$class.apply(Lscala/collection/MapLike;Ljava/lang/Object;)Ljava/lang/Object; @ 20
Event: 5415.100 Thread 0x00007fa7171db800 Uncommon trap: reason=bimorphic action=maybe_recompile pc=0x0000000106972a24 method=scala.collection.MapLike$class.apply(Lscala/collection/MapLike;Ljava/lang/Object;)Ljava/lang/Object; @ 20
Event: 5695.417 Thread 0x00007fa713501800 Uncommon trap: reason=bimorphic action=maybe_recompile pc=0x0000000106972a24 method=scala.collection.MapLike$class.apply(Lscala/collection/MapLike;Ljava/lang/Object;)Ljava/lang/Object; @ 20
Event: 5713.474 Thread 0x00007fa713012800 Uncommon trap: reason=class_check action=maybe_recompile pc=0x00000001072e72f4 method=sbt.complete.ParserMain$class.seq0(Lsbt/complete/ParserMain;Lscala/collection/Seq;Lscala/Function0;)Lsbt/complete/Parser; @ 62
Event: 5736.519 Thread 0x00007fa713012800 Uncommon trap: reason=class_check action=maybe_recompile pc=0x00000001072e72f4 method=sbt.complete.ParserMain$class.seq0(Lsbt/complete/ParserMain;Lscala/collection/Seq;Lscala/Function0;)Lsbt/complete/Parser; @ 62
Event: 5748.906 Thread 0x00007fa713012800 Uncommon trap: reason=class_check action=maybe_recompile pc=0x00000001072e72f4 method=sbt.complete.ParserMain$class.seq0(Lsbt/complete/ParserMain;Lscala/collection/Seq;Lscala/Function0;)Lsbt/complete/Parser; @ 62
Event: 5771.657 Thread 0x00007fa713012800 Uncommon trap: reason=class_check action=maybe_recompile pc=0x00000001072e72f4 method=sbt.complete.ParserMain$class.seq0(Lsbt/complete/ParserMain;Lscala/collection/Seq;Lscala/Function0;)Lsbt/complete/Parser; @ 62
Event: 6067.076 Thread 0x00007fa71680d000 Uncommon trap: reason=unstable_if action=reinterpret pc=0x0000000107442cd8 method=scala.reflect.internal.Definitions$DefinitionsClass.ByNameParamClass()Lscala/reflect/internal/Symbols$ClassSymbol; @ 8
Event: 6067.592 Thread 0x00007fa71680d000 Uncommon trap: reason=class_check action=maybe_recompile pc=0x00000001084e3c5c method=scala.tools.nsc.transform.patmat.Solving$CNF$AlreadyInCNF$ToDisjunction$$anonfun$7.apply(Lscala/Option;Lscala/tools/nsc/transform/patmat/Logic$PropositionalLogic$Prop;)L
Event: 6068.392 Thread 0x00007fa71680d000 Uncommon trap: reason=range_check action=make_not_entrant pc=0x00000001096c11a0 method=java.lang.String.charAt(I)C @ 27

Internal exceptions (10 events):
Event: 5695.477 Thread 0x00007fa713012800 Exception <a 'java/io/FileNotFoundException'> (0x00000007ac386998) thrown at [/Users/java_re/workspace/8-2-build-macosx-x86_64/jdk8u60/4407/hotspot/src/share/vm/prims/jni.cpp, line 709]
Event: 5713.620 Thread 0x00007fa71757f000 Exception <a 'java/lang/reflect/InvocationTargetException'> (0x00000007af3339d8) thrown at [/Users/java_re/workspace/8-2-build-macosx-x86_64/jdk8u60/4407/hotspot/src/share/vm/runtime/reflection.cpp, line 1092]
Event: 5713.676 Thread 0x00007fa713012800 Exception <a 'java/io/FileNotFoundException'> (0x00000007ae84e130) thrown at [/Users/java_re/workspace/8-2-build-macosx-x86_64/jdk8u60/4407/hotspot/src/share/vm/prims/jni.cpp, line 709]
Event: 5736.647 Thread 0x00007fa71680d000 Exception <a 'java/lang/reflect/InvocationTargetException'> (0x00000007b1215210) thrown at [/Users/java_re/workspace/8-2-build-macosx-x86_64/jdk8u60/4407/hotspot/src/share/vm/runtime/reflection.cpp, line 1092]
Event: 5736.930 Thread 0x00007fa713012800 Exception <a 'java/io/FileNotFoundException'> (0x00000007aaca34c0) thrown at [/Users/java_re/workspace/8-2-build-macosx-x86_64/jdk8u60/4407/hotspot/src/share/vm/prims/jni.cpp, line 709]
Event: 5749.216 Thread 0x00007fa713012800 Exception <a 'java/io/FileNotFoundException'> (0x00000007ac466940) thrown at [/Users/java_re/workspace/8-2-build-macosx-x86_64/jdk8u60/4407/hotspot/src/share/vm/prims/jni.cpp, line 709]
Event: 5771.839 Thread 0x00007fa713012800 Exception <a 'java/io/FileNotFoundException'> (0x00000007aed6f3d0) thrown at [/Users/java_re/workspace/8-2-build-macosx-x86_64/jdk8u60/4407/hotspot/src/share/vm/prims/jni.cpp, line 709]
Event: 5782.325 Thread 0x00007fa7171f7800 Exception <a 'java/lang/reflect/InvocationTargetException'> (0x00000007b142c7a0) thrown at [/Users/java_re/workspace/8-2-build-macosx-x86_64/jdk8u60/4407/hotspot/src/share/vm/runtime/reflection.cpp, line 1092]
Event: 5782.381 Thread 0x00007fa713012800 Exception <a 'java/io/FileNotFoundException'> (0x00000007b168c370) thrown at [/Users/java_re/workspace/8-2-build-macosx-x86_64/jdk8u60/4407/hotspot/src/share/vm/prims/jni.cpp, line 709]
Event: 6068.607 Thread 0x00007fa7170e3000 Exception <a 'java/lang/reflect/InvocationTargetException'> (0x00000007bc945ad8) thrown at [/Users/java_re/workspace/8-2-build-macosx-x86_64/jdk8u60/4407/hotspot/src/share/vm/runtime/reflection.cpp, line 1092]

Events (10 events):
Event: 6068.606 loading class cafebabe/CodeHandler$$anonfun$print$1
Event: 6068.606 loading class cafebabe/CodeHandler$$anonfun$print$1 done
Event: 6068.608 Thread 0x00007fa7170e3000 Thread exited: 0x00007fa7170e3000
Event: 6068.608 Executing VM operation: BulkRevokeBias
Event: 6068.609 Executing VM operation: BulkRevokeBias done
Event: 6068.610 Thread 0x00007fa713501800 Thread exited: 0x00007fa713501800
Event: 6068.610 Thread 0x00007fa713497000 Thread exited: 0x00007fa713497000
Event: 6068.610 Thread 0x00007fa713499800 Thread exited: 0x00007fa713499800
Event: 6068.610 Thread 0x00007fa716c22800 Thread exited: 0x00007fa716c22800
Event: 6068.610 Executing VM operation: ParallelGCSystemGC


Dynamic libraries:
0x0000000004d17000 	/System/Library/Frameworks/Cocoa.framework/Versions/A/Cocoa
0x0000000004d17000 	/System/Library/Frameworks/Security.framework/Versions/A/Security
0x0000000004d17000 	/System/Library/Frameworks/ApplicationServices.framework/Versions/A/ApplicationServices
0x0000000004d17000 	/usr/lib/libz.1.dylib
0x0000000004d17000 	/usr/lib/libSystem.B.dylib
0x0000000004d17000 	/usr/lib/libobjc.A.dylib
0x0000000004d17000 	/System/Library/Frameworks/CoreFoundation.framework/Versions/A/CoreFoundation
0x0000000004d17000 	/System/Library/Frameworks/Foundation.framework/Versions/C/Foundation
0x0000000004d17000 	/System/Library/Frameworks/AppKit.framework/Versions/C/AppKit
0x0000000004d17000 	/System/Library/Frameworks/CoreData.framework/Versions/A/CoreData
0x0000000004d17000 	/System/Library/PrivateFrameworks/RemoteViewServices.framework/Versions/A/RemoteViewServices
0x0000000004d17000 	/System/Library/PrivateFrameworks/UIFoundation.framework/Versions/A/UIFoundation
0x0000000004d17000 	/System/Library/Frameworks/IOSurface.framework/Versions/A/IOSurface
0x0000000004d17000 	/System/Library/Frameworks/AudioToolbox.framework/Versions/A/AudioToolbox
0x0000000004d17000 	/System/Library/Frameworks/AudioUnit.framework/Versions/A/AudioUnit
0x0000000004d17000 	/System/Library/PrivateFrameworks/DataDetectorsCore.framework/Versions/A/DataDetectorsCore
0x0000000004d17000 	/System/Library/PrivateFrameworks/DesktopServicesPriv.framework/Versions/A/DesktopServicesPriv
0x0000000004d17000 	/System/Library/Frameworks/Carbon.framework/Versions/A/Frameworks/HIToolbox.framework/Versions/A/HIToolbox
0x0000000004d17000 	/System/Library/Frameworks/QuartzCore.framework/Versions/A/QuartzCore
0x0000000004d17000 	/System/Library/Frameworks/Carbon.framework/Versions/A/Frameworks/SpeechRecognition.framework/Versions/A/SpeechRecognition
0x0000000004d17000 	/usr/lib/libauto.dylib
0x0000000004d17000 	/usr/lib/libicucore.A.dylib
0x0000000004d17000 	/usr/lib/libxml2.2.dylib
0x0000000004d17000 	/System/Library/PrivateFrameworks/CoreUI.framework/Versions/A/CoreUI
0x0000000004d17000 	/System/Library/Frameworks/CoreAudio.framework/Versions/A/CoreAudio
0x0000000004d17000 	/System/Library/Frameworks/DiskArbitration.framework/Versions/A/DiskArbitration
0x0000000004d17000 	/usr/lib/liblangid.dylib
0x0000000004d17000 	/System/Library/PrivateFrameworks/MultitouchSupport.framework/Versions/A/MultitouchSupport
0x0000000004d17000 	/System/Library/Frameworks/IOKit.framework/Versions/A/IOKit
0x0000000004d17000 	/usr/lib/libDiagnosticMessagesClient.dylib
0x0000000004d17000 	/System/Library/Frameworks/CoreServices.framework/Versions/A/CoreServices
0x0000000004d17000 	/System/Library/PrivateFrameworks/PerformanceAnalysis.framework/Versions/A/PerformanceAnalysis
0x0000000004d17000 	/System/Library/PrivateFrameworks/GenerationalStorage.framework/Versions/A/GenerationalStorage
0x0000000004d17000 	/System/Library/Frameworks/OpenGL.framework/Versions/A/OpenGL
0x0000000004d17000 	/System/Library/PrivateFrameworks/Sharing.framework/Versions/A/Sharing
0x0000000004d17000 	/System/Library/Frameworks/CoreGraphics.framework/Versions/A/CoreGraphics
0x0000000004d17000 	/System/Library/Frameworks/CoreText.framework/Versions/A/CoreText
0x0000000004d17000 	/System/Library/Frameworks/ImageIO.framework/Versions/A/ImageIO
0x0000000004d17000 	/usr/lib/libextension.dylib
0x0000000004d17000 	/System/Library/PrivateFrameworks/Backup.framework/Versions/A/Backup
0x0000000004d17000 	/usr/lib/libarchive.2.dylib
0x0000000004d17000 	/System/Library/Frameworks/CFNetwork.framework/Versions/A/CFNetwork
0x0000000004d17000 	/System/Library/Frameworks/SystemConfiguration.framework/Versions/A/SystemConfiguration
0x0000000004d17000 	/usr/lib/libCRFSuite.dylib
0x0000000004d17000 	/usr/lib/libc++.1.dylib
0x0000000004d17000 	/usr/lib/libc++abi.dylib
0x0000000004d17000 	/usr/lib/system/libcache.dylib
0x0000000004d17000 	/usr/lib/system/libcommonCrypto.dylib
0x0000000004d17000 	/usr/lib/system/libcompiler_rt.dylib
0x0000000004d17000 	/usr/lib/system/libcopyfile.dylib
0x0000000004d17000 	/usr/lib/system/libcorecrypto.dylib
0x0000000004d17000 	/usr/lib/system/libdispatch.dylib
0x0000000004d17000 	/usr/lib/system/libdyld.dylib
0x0000000004d17000 	/usr/lib/system/libkeymgr.dylib
0x0000000004d17000 	/usr/lib/system/liblaunch.dylib
0x0000000004d17000 	/usr/lib/system/libmacho.dylib
0x0000000004d17000 	/usr/lib/system/libquarantine.dylib
0x0000000004d17000 	/usr/lib/system/libremovefile.dylib
0x0000000004d17000 	/usr/lib/system/libsystem_asl.dylib
0x0000000004d17000 	/usr/lib/system/libsystem_blocks.dylib
0x0000000004d17000 	/usr/lib/system/libsystem_c.dylib
0x0000000004d17000 	/usr/lib/system/libsystem_configuration.dylib
0x0000000004d17000 	/usr/lib/system/libsystem_coreservices.dylib
0x0000000004d17000 	/usr/lib/system/libsystem_coretls.dylib
0x0000000004d17000 	/usr/lib/system/libsystem_dnssd.dylib
0x0000000004d17000 	/usr/lib/system/libsystem_info.dylib
0x0000000004d17000 	/usr/lib/system/libsystem_kernel.dylib
0x0000000004d17000 	/usr/lib/system/libsystem_m.dylib
0x0000000004d17000 	/usr/lib/system/libsystem_malloc.dylib
0x0000000004d17000 	/usr/lib/system/libsystem_network.dylib
0x0000000004d17000 	/usr/lib/system/libsystem_networkextension.dylib
0x0000000004d17000 	/usr/lib/system/libsystem_notify.dylib
0x0000000004d17000 	/usr/lib/system/libsystem_platform.dylib
0x0000000004d17000 	/usr/lib/system/libsystem_pthread.dylib
0x0000000004d17000 	/usr/lib/system/libsystem_sandbox.dylib
0x0000000004d17000 	/usr/lib/system/libsystem_secinit.dylib
0x0000000004d17000 	/usr/lib/system/libsystem_stats.dylib
0x0000000004d17000 	/usr/lib/system/libsystem_trace.dylib
0x0000000004d17000 	/usr/lib/system/libunc.dylib
0x0000000004d17000 	/usr/lib/system/libunwind.dylib
0x0000000004d17000 	/usr/lib/system/libxpc.dylib
0x0000000004d17000 	/usr/lib/libbz2.1.0.dylib
0x0000000004d17000 	/usr/lib/liblzma.5.dylib
0x0000000004d17000 	/usr/lib/libbsm.0.dylib
0x0000000004d17000 	/usr/lib/libsqlite3.dylib
0x0000000004d17000 	/usr/lib/system/libkxld.dylib
0x0000000004d17000 	/usr/lib/libxar.1.dylib
0x0000000004d17000 	/usr/lib/libpam.2.dylib
0x0000000004d17000 	/usr/lib/libOpenScriptingUtil.dylib
0x0000000004d17000 	/System/Library/Frameworks/CoreServices.framework/Versions/A/Frameworks/FSEvents.framework/Versions/A/FSEvents
0x0000000004d17000 	/System/Library/Frameworks/CoreServices.framework/Versions/A/Frameworks/CarbonCore.framework/Versions/A/CarbonCore
0x0000000004d17000 	/System/Library/Frameworks/CoreServices.framework/Versions/A/Frameworks/Metadata.framework/Versions/A/Metadata
0x0000000004d17000 	/System/Library/Frameworks/CoreServices.framework/Versions/A/Frameworks/OSServices.framework/Versions/A/OSServices
0x0000000004d17000 	/System/Library/Frameworks/CoreServices.framework/Versions/A/Frameworks/SearchKit.framework/Versions/A/SearchKit
0x0000000004d17000 	/System/Library/Frameworks/CoreServices.framework/Versions/A/Frameworks/AE.framework/Versions/A/AE
0x0000000004d17000 	/System/Library/Frameworks/CoreServices.framework/Versions/A/Frameworks/LaunchServices.framework/Versions/A/LaunchServices
0x0000000004d17000 	/System/Library/Frameworks/CoreServices.framework/Versions/A/Frameworks/DictionaryServices.framework/Versions/A/DictionaryServices
0x0000000004d17000 	/System/Library/Frameworks/NetFS.framework/Versions/A/NetFS
0x0000000004d17000 	/System/Library/PrivateFrameworks/NetAuth.framework/Versions/A/NetAuth
0x0000000004d17000 	/System/Library/PrivateFrameworks/login.framework/Versions/A/Frameworks/loginsupport.framework/Versions/A/loginsupport
0x0000000004d17000 	/System/Library/PrivateFrameworks/TCC.framework/Versions/A/TCC
0x0000000004d17000 	/usr/lib/libmecabra.dylib
0x0000000004d17000 	/System/Library/Frameworks/ApplicationServices.framework/Versions/A/Frameworks/ATS.framework/Versions/A/ATS
0x0000000004d17000 	/System/Library/Frameworks/ApplicationServices.framework/Versions/A/Frameworks/ColorSync.framework/Versions/A/ColorSync
0x0000000004d17000 	/System/Library/Frameworks/ApplicationServices.framework/Versions/A/Frameworks/HIServices.framework/Versions/A/HIServices
0x0000000004d17000 	/System/Library/Frameworks/ApplicationServices.framework/Versions/A/Frameworks/LangAnalysis.framework/Versions/A/LangAnalysis
0x0000000004d17000 	/System/Library/Frameworks/ApplicationServices.framework/Versions/A/Frameworks/PrintCore.framework/Versions/A/PrintCore
0x0000000004d17000 	/System/Library/Frameworks/ApplicationServices.framework/Versions/A/Frameworks/QD.framework/Versions/A/QD
0x0000000004d17000 	/System/Library/Frameworks/ApplicationServices.framework/Versions/A/Frameworks/SpeechSynthesis.framework/Versions/A/SpeechSynthesis
0x0000000004d17000 	/System/Library/Frameworks/Accelerate.framework/Versions/A/Accelerate
0x0000000004d17000 	/System/Library/Frameworks/Accelerate.framework/Versions/A/Frameworks/vImage.framework/Versions/A/vImage
0x0000000004d17000 	/System/Library/Frameworks/Accelerate.framework/Versions/A/Frameworks/vecLib.framework/Versions/A/vecLib
0x0000000004d17000 	/System/Library/Frameworks/Accelerate.framework/Versions/A/Frameworks/vecLib.framework/Versions/A/libvDSP.dylib
0x0000000004d17000 	/System/Library/Frameworks/Accelerate.framework/Versions/A/Frameworks/vecLib.framework/Versions/A/libvMisc.dylib
0x0000000004d17000 	/System/Library/Frameworks/Accelerate.framework/Versions/A/Frameworks/vecLib.framework/Versions/A/libLAPACK.dylib
0x0000000004d17000 	/System/Library/Frameworks/Accelerate.framework/Versions/A/Frameworks/vecLib.framework/Versions/A/libBLAS.dylib
0x0000000004d17000 	/System/Library/Frameworks/Accelerate.framework/Versions/A/Frameworks/vecLib.framework/Versions/A/libLinearAlgebra.dylib
0x0000000004d17000 	/System/Library/Frameworks/ApplicationServices.framework/Versions/A/Frameworks/ATS.framework/Versions/A/Resources/libFontParser.dylib
0x0000000004d17000 	/System/Library/Frameworks/ApplicationServices.framework/Versions/A/Frameworks/ATS.framework/Versions/A/Resources/libFontRegistry.dylib
0x0000000004d17000 	/System/Library/PrivateFrameworks/AppleVPA.framework/Versions/A/AppleVPA
0x0000000004d17000 	/System/Library/PrivateFrameworks/AppleJPEG.framework/Versions/A/AppleJPEG
0x0000000004d17000 	/System/Library/Frameworks/ImageIO.framework/Versions/A/Resources/libJPEG.dylib
0x0000000004d17000 	/System/Library/Frameworks/ImageIO.framework/Versions/A/Resources/libTIFF.dylib
0x0000000004d17000 	/System/Library/Frameworks/ImageIO.framework/Versions/A/Resources/libPng.dylib
0x0000000004d17000 	/System/Library/Frameworks/ImageIO.framework/Versions/A/Resources/libGIF.dylib
0x0000000004d17000 	/System/Library/Frameworks/ImageIO.framework/Versions/A/Resources/libJP2.dylib
0x0000000004d17000 	/System/Library/Frameworks/ImageIO.framework/Versions/A/Resources/libRadiance.dylib
0x0000000004d17000 	/System/Library/Frameworks/CoreVideo.framework/Versions/A/CoreVideo
0x0000000004d17000 	/System/Library/Frameworks/OpenGL.framework/Versions/A/Libraries/libGLU.dylib
0x0000000004d17000 	/System/Library/Frameworks/OpenGL.framework/Versions/A/Libraries/libGFXShared.dylib
0x0000000004d17000 	/System/Library/Frameworks/OpenGL.framework/Versions/A/Libraries/libGL.dylib
0x0000000004d17000 	/System/Library/Frameworks/OpenGL.framework/Versions/A/Libraries/libGLImage.dylib
0x0000000004d17000 	/System/Library/Frameworks/OpenGL.framework/Versions/A/Libraries/libCVMSPluginSupport.dylib
0x0000000004d17000 	/System/Library/Frameworks/OpenGL.framework/Versions/A/Libraries/libCoreVMClient.dylib
0x0000000004d17000 	/usr/lib/libcups.2.dylib
0x0000000004d17000 	/System/Library/Frameworks/Kerberos.framework/Versions/A/Kerberos
0x0000000004d17000 	/System/Library/Frameworks/GSS.framework/Versions/A/GSS
0x0000000004d17000 	/usr/lib/libresolv.9.dylib
0x0000000004d17000 	/usr/lib/libiconv.2.dylib
0x0000000004d17000 	/System/Library/PrivateFrameworks/Heimdal.framework/Versions/A/Heimdal
0x0000000004d17000 	/usr/lib/libheimdal-asn1.dylib
0x0000000004d17000 	/System/Library/Frameworks/OpenDirectory.framework/Versions/A/OpenDirectory
0x0000000004d17000 	/System/Library/PrivateFrameworks/CommonAuth.framework/Versions/A/CommonAuth
0x0000000004d17000 	/System/Library/Frameworks/OpenDirectory.framework/Versions/A/Frameworks/CFOpenDirectory.framework/Versions/A/CFOpenDirectory
0x0000000004d17000 	/System/Library/Frameworks/SecurityFoundation.framework/Versions/A/SecurityFoundation
0x0000000004d17000 	/System/Library/PrivateFrameworks/LanguageModeling.framework/Versions/A/LanguageModeling
0x0000000004d17000 	/usr/lib/libcmph.dylib
0x0000000004d17000 	/System/Library/Frameworks/ServiceManagement.framework/Versions/A/ServiceManagement
0x0000000004d17000 	/usr/lib/libxslt.1.dylib
0x0000000004d17000 	/System/Library/Frameworks/Carbon.framework/Versions/A/Frameworks/Ink.framework/Versions/A/Ink
0x0000000004d17000 	/System/Library/Frameworks/QuartzCore.framework/Versions/A/Frameworks/CoreImage.framework/Versions/A/CoreImage
0x0000000004d17000 	/System/Library/PrivateFrameworks/CrashReporterSupport.framework/Versions/A/CrashReporterSupport
0x0000000004d17000 	/System/Library/Frameworks/OpenCL.framework/Versions/A/OpenCL
0x0000000004d17000 	/System/Library/PrivateFrameworks/FaceCore.framework/Versions/A/FaceCore
0x0000000004d17000 	/System/Library/PrivateFrameworks/Ubiquity.framework/Versions/A/Ubiquity
0x0000000004d17000 	/System/Library/PrivateFrameworks/IconServices.framework/Versions/A/IconServices
0x0000000004d17000 	/System/Library/PrivateFrameworks/ChunkingLibrary.framework/Versions/A/ChunkingLibrary
0x0000000004d17000 	/System/Library/PrivateFrameworks/Apple80211.framework/Versions/A/Apple80211
0x0000000004d17000 	/System/Library/Frameworks/CoreWLAN.framework/Versions/A/CoreWLAN
0x0000000004d17000 	/System/Library/Frameworks/IOBluetooth.framework/Versions/A/IOBluetooth
0x0000000004d17000 	/System/Library/PrivateFrameworks/CoreWiFi.framework/Versions/A/CoreWiFi
0x0000000004d17000 	/System/Library/Frameworks/CoreBluetooth.framework/Versions/A/CoreBluetooth
0x0000000004d17000 	/System/Library/PrivateFrameworks/DebugSymbols.framework/Versions/A/DebugSymbols
0x0000000004d17000 	/System/Library/PrivateFrameworks/CoreSymbolication.framework/Versions/A/CoreSymbolication
0x0000000004d17000 	/System/Library/PrivateFrameworks/Symbolication.framework/Versions/A/Symbolication
0x0000000004d17000 	/System/Library/PrivateFrameworks/SpeechRecognitionCore.framework/Versions/A/SpeechRecognitionCore
0x0000000104c00000 	/Library/Java/JavaVirtualMachines/jdk1.8.0_60.jdk/Contents/Home/jre/lib/server/libjvm.dylib
0x0000000004d17000 	/usr/lib/libstdc++.6.dylib
0x000000010439f000 	/Library/Java/JavaVirtualMachines/jdk1.8.0_60.jdk/Contents/Home/jre/lib/libverify.dylib
0x00000001043ad000 	/Library/Java/JavaVirtualMachines/jdk1.8.0_60.jdk/Contents/Home/jre/lib/libjava.dylib
0x00000001043ec000 	/Library/Java/JavaVirtualMachines/jdk1.8.0_60.jdk/Contents/Home/jre/lib/libzip.dylib
0x00000001125b2000 	/System/Library/Frameworks/JavaVM.framework/Frameworks/JavaRuntimeSupport.framework/JavaRuntimeSupport
0x00000001125c8000 	/System/Library/Frameworks/JavaVM.framework/Versions/A/Frameworks/JavaNativeFoundation.framework/Versions/A/JavaNativeFoundation
0x00000001125dc000 	/System/Library/Frameworks/JavaVM.framework/Versions/A/JavaVM
0x0000000004d17000 	/System/Library/Frameworks/Carbon.framework/Versions/A/Carbon
0x00000001043f5000 	/System/Library/PrivateFrameworks/JavaLaunching.framework/Versions/A/JavaLaunching
0x0000000004d17000 	/System/Library/Frameworks/Carbon.framework/Versions/A/Frameworks/CommonPanels.framework/Versions/A/CommonPanels
0x0000000004d17000 	/System/Library/Frameworks/Carbon.framework/Versions/A/Frameworks/Help.framework/Versions/A/Help
0x0000000004d17000 	/System/Library/Frameworks/Carbon.framework/Versions/A/Frameworks/ImageCapture.framework/Versions/A/ImageCapture
0x0000000004d17000 	/System/Library/Frameworks/Carbon.framework/Versions/A/Frameworks/OpenScripting.framework/Versions/A/OpenScripting
0x0000000004d17000 	/System/Library/Frameworks/Carbon.framework/Versions/A/Frameworks/Print.framework/Versions/A/Print
0x0000000004d17000 	/System/Library/Frameworks/Carbon.framework/Versions/A/Frameworks/SecurityHI.framework/Versions/A/SecurityHI
0x00000001144f4000 	/Library/Java/JavaVirtualMachines/jdk1.8.0_60.jdk/Contents/Home/jre/lib/libnet.dylib
0x0000000114553000 	/Library/Java/JavaVirtualMachines/jdk1.8.0_60.jdk/Contents/Home/jre/lib/libnio.dylib

VM Arguments:
jvm_args: -Xms1024m -Xmx1024m -XX:ReservedCodeCacheSize=128m -XX:MaxMetaspaceSize=256m 
java_command: /usr/local/Cellar/sbt/0.13.9/libexec/sbt-launch.jar
java_class_path (initial): /usr/local/Cellar/sbt/0.13.9/libexec/sbt-launch.jar
Launcher Type: SUN_STANDARD

Environment Variables:
PATH=/usr/local/bin:/usr/bin:/bin:/usr/sbin:/sbin
SHELL=/usr/local/bin/fish

Signal Handlers:
SIGSEGV: [libjvm.dylib+0x5a6d31], sa_mask[0]=11111111011111110111111111111111, sa_flags=SA_ONSTACK|SA_RESTART|SA_SIGINFO
SIGBUS: [libjvm.dylib+0x5a6d31], sa_mask[0]=11111111011111110111111111111111, sa_flags=SA_RESTART|SA_SIGINFO
SIGFPE: [libjvm.dylib+0x480a4c], sa_mask[0]=11111111011111110111111111111111, sa_flags=SA_RESTART|SA_SIGINFO
SIGPIPE: [libjvm.dylib+0x480a4c], sa_mask[0]=11111111011111110111111111111111, sa_flags=SA_RESTART|SA_SIGINFO
SIGXFSZ: [libjvm.dylib+0x480a4c], sa_mask[0]=11111111011111110111111111111111, sa_flags=SA_RESTART|SA_SIGINFO
SIGILL: [libjvm.dylib+0x480a4c], sa_mask[0]=11111111011111110111111111111111, sa_flags=SA_RESTART|SA_SIGINFO
SIGUSR1: SIG_DFL, sa_mask[0]=00000000000000000000000000000000, sa_flags=none
SIGUSR2: [libjvm.dylib+0x48056a], sa_mask[0]=00000000000000000000000000000000, sa_flags=SA_RESTART|SA_SIGINFO
SIGHUP: [libjvm.dylib+0x47eb41], sa_mask[0]=11111111011111110111111111111111, sa_flags=SA_RESTART|SA_SIGINFO
SIGINT: [libjvm.dylib+0x47eb41], sa_mask[0]=11111111011111110111111111111111, sa_flags=SA_RESTART|SA_SIGINFO
SIGTERM: [libjvm.dylib+0x47eb41], sa_mask[0]=11111111011111110111111111111111, sa_flags=SA_RESTART|SA_SIGINFO
SIGQUIT: [libjvm.dylib+0x47eb41], sa_mask[0]=11111111011111110111111111111111, sa_flags=SA_RESTART|SA_SIGINFO


---------------  S Y S T E M  ---------------

OS:Bsduname:Darwin 14.4.0 Darwin Kernel Version 14.4.0: Thu May 28 11:35:04 PDT 2015; root:xnu-2782.30.5~1/RELEASE_X86_64 x86_64
rlimit: STACK 8192k, CORE 0k, NPROC 709, NOFILE 10240, AS infinity
load average:1.37 1.29 1.53

CPU:total 4 (2 cores per cpu, 2 threads per core) family 6 model 58 stepping 9, cmov, cx8, fxsr, mmx, sse, sse2, sse3, ssse3, sse4.1, sse4.2, popcnt, avx, aes, clmul, erms, ht, tsc, tscinvbit, tscinv

Memory: 4k page, physical 8388608k(56012k free)

/proc/meminfo:


vm_info: Java HotSpot(TM) 64-Bit Server VM (25.60-b23) for bsd-amd64 JRE (1.8.0_60-b27), built on Aug  4 2015 10:47:24 by "java_re" with gcc 4.2.1 (Based on Apple Inc. build 5658) (LLVM build 2336.11.00)

time: Fri May 20 18:37:19 2016
elapsed time: 6068 seconds (0d 1h 41m 8s)

